<?xml version="1.0" encoding="UTF-8"?>
<!-- Generated by org.testng.reporters.JUnitReportReporter -->
<testsuite hostname="DESKTOP-NNLALBM" name="firstTestNgpkg.FirstTestNgFile" tests="2" failures="0" timestamp="17 Nov 2021 18:49:10 GMT" time="1.852" errors="0">
  <testcase name="verifyHomePageTitle" time="1.840" classname="firstTestNgpkg.FirstTestNgFile"/>
  <testcase name="test2" time="0.012" classname="firstTestNgpkg.FirstTestNgFile"/>
</testsuite> <!-- firstTestNgpkg.FirstTestNgFile -->
